<?xml version="1.0" encoding="UTF-8"?>
<testng-results ignored="0" total="1" passed="1" failed="0" skipped="0">
  <reporter-output>
  </reporter-output>
  <suite started-at="2024-07-03T13:58:53 IST" name="Default suite" finished-at="2024-07-03T13:58:53 IST" duration-ms="104">
    <groups>
    </groups>
    <test started-at="2024-07-03T13:58:53 IST" name="Default test" finished-at="2024-07-03T13:58:53 IST" duration-ms="104">
      <class name="TestNG.TestSelenium">
        <test-method signature="stringReverse()[pri:0, instance:TestNG.TestSelenium@581ac8a8]" started-at="2024-07-03T13:58:53 IST" name="stringReverse" finished-at="2024-07-03T13:58:53 IST" duration-ms="20" status="PASS">
          <reporter-output>
          </reporter-output>
        </test-method> <!-- stringReverse -->
      </class> <!-- TestNG.TestSelenium -->
    </test> <!-- Default test -->
  </suite> <!-- Default suite -->
</testng-results>
